<?xml version="1.0" encoding="UTF-8"?>
<!-- Generated by org.testng.reporters.JUnitXMLReporter -->
<testsuite ignored="0" hostname="DESKTOP-P1M3VO3" failures="0" tests="1" name="Test" time="7.425" errors="0" timestamp="2022-01-30T17:23:33 IST">
  <testcase classname="TestPackage.Testclass1" name="@BeforeMethod loginToApp" time="0.016">
    <failure type="java.lang.NullPointerException">
      <![CDATA[java.lang.NullPointerException
at java.base/java.util.Objects.requireNonNull(Objects.java:208)
at org.openqa.selenium.interactions.Actions.<init>(Actions.java:65)
at UtilityClass.Utility.click(Utility.java:45)
at PomPages.AmazonLoginpage1.Clickonsignin(AmazonLoginpage1.java:30)
at TestPackage.Testclass1.loginToApp(Testclass1.java:49)
at java.base/java.util.ArrayList.forEach(ArrayList.java:1511)
... Removed 31 stack frames]]>
    </failure>
  </testcase> <!-- @BeforeMethod loginToApp -->
  <testcase classname="TestPackage.Testclass1" name="@AfterMethod logoutFromApp" time="-1.643543613392E9">
    <skipped/>
  </testcase> <!-- @AfterMethod logoutFromApp -->
  <testcase classname="TestPackage.Testclass1" name="@AfterClass closeBrowser" time="-1.643543613395E9">
    <skipped/>
  </testcase> <!-- @AfterClass closeBrowser -->
  <testcase classname="TestPackage.Testclass1" name="VerifyPin" time="0.0">
    <skipped/>
  </testcase> <!-- VerifyPin -->
</testsuite> <!-- Test -->
